<?xml version="1.0" encoding="UTF-8"?>
<!-- Generated by org.testng.reporters.JUnitReportReporter -->
<testsuite hostname="EchoCurrentUse" failures="0" tests="1" name="Cucumber.TestNgTestRunner" time="3.169" errors="0" timestamp="2025-08-09T16:02:56 NZST" skipped="0">
  <testcase classname="Cucumber.TestNgTestRunner" name="runScenario" time="3.169"/>
</testsuite> <!-- Cucumber.TestNgTestRunner -->
