<?xml version="1.0" encoding="UTF-8"?>
<!-- Generated by org.testng.reporters.JUnitReportReporter -->
<testsuite hostname="EchoCurrentUse" failures="0" tests="4" name="Testcases.BasicTestCases" time="0.010" errors="0" timestamp="2025-08-07T20:05:38 NZST" skipped="1">
  <testcase classname="Testcases.BasicTestCases" name="RunTestCase1" time="0.008"/>
  <testcase classname="Testcases.BasicTestCases" name="RunTestCase3" time="0.000"/>
  <testcase classname="Testcases.BasicTestCases" name="RunTestNg" time="0.002"/>
  <testcase classname="Testcases.BasicTestCases" name="RunTestCase2">
    <skipped/>
  </testcase> <!-- RunTestCase2 -->
</testsuite> <!-- Testcases.BasicTestCases -->
