<?xml version="1.0" encoding="UTF-8"?>
<!-- Generated by org.testng.reporters.JUnitReportReporter -->
<testsuite hostname="EchoCurrentUse" failures="0" tests="4" name="Testcases.TestCases1" time="0.014" errors="0" timestamp="2025-08-07T20:05:38 NZST" skipped="0">
  <testcase classname="Testcases.TestCases1" name="FourthTestCase1" time="0.008"/>
  <testcase classname="Testcases.TestCases1" name="FourthTestCase1" time="0.000"/>
  <testcase classname="Testcases.TestCases1" name="FourthTestCase1" time="0.000"/>
  <testcase classname="Testcases.TestCases1" name="SecondTestCase" time="0.006"/>
</testsuite> <!-- Testcases.TestCases1 -->
